<?xml version="1.0" encoding="UTF-8"?>
<testsuite xmlns:xsi="http://www.w3.org/2001/XMLSchema-instance" xsi:noNamespaceSchemaLocation="https://maven.apache.org/surefire/maven-surefire-plugin/xsd/surefire-test-report.xsd" name="br.sp.msoares.testServices.calculadoraPrecoTest" time="0.218" tests="4" errors="0" skipped="0" failures="0">
  <properties>
[...]
</properties>
  <testcase name="deveCalcularoValordaVenda[Não deve ter desconto]" classname="br.sp.msoares.testServices.calculadoraPrecoTest" time="0.016"/>
  <testcase name="deveCalcularoValordaVenda[O valor do produto 3 deve ser zerado]" classname="br.sp.msoares.testServices.calculadoraPrecoTest" time="0"/>
  <testcase name="deveCalcularoValordaVenda[O valor do produto 2 deve ser zerado]" classname="br.sp.msoares.testServices.calculadoraPrecoTest" time="0.001"/>
  <testcase name="deveCalcularoValordaVenda[7 produtos com 200 de desconto do produto 3]" classname="br.sp.msoares.testServices.calculadoraPrecoTest" time="0.001"/>
</testsuite>